0 info it worked if it ends with ok
1 verbose cli [ '/Users/chandan/.nvm/versions/node/v5.2.0/bin/node',
1 verbose cli   '/Users/chandan/.nvm/versions/node/v5.2.0/bin/npm',
1 verbose cli   'start' ]
2 info using npm@3.5.3
3 info using node@v5.2.0
4 verbose run-script [ 'prestart', 'start', 'poststart' ]
5 info lifecycle node-docker-app@1.0.0~prestart: node-docker-app@1.0.0
6 silly lifecycle node-docker-app@1.0.0~prestart: no script for prestart, continuing
7 info lifecycle node-docker-app@1.0.0~start: node-docker-app@1.0.0
8 verbose lifecycle node-docker-app@1.0.0~start: unsafe-perm in lifecycle true
9 verbose lifecycle node-docker-app@1.0.0~start: PATH: /Users/chandan/.nvm/versions/node/v5.2.0/lib/node_modules/npm/bin/node-gyp-bin:/Users/chandan/code/personal/github/node-docker-app/node_modules/.bin:/Users/chandan/.rvm/gems/ruby-2.0.0-p648/bin:/Users/chandan/.rvm/gems/ruby-2.0.0-p648@global/bin:/Users/chandan/.rvm/rubies/ruby-2.0.0-p648/bin:/Users/chandan/.nvm/versions/node/v5.2.0/bin:/usr/local/bin:/usr/bin:/bin:/usr/sbin:/sbin:/Users/chandan/.rvm/bin
10 verbose lifecycle node-docker-app@1.0.0~start: CWD: /Users/chandan/code/personal/github/node-docker-app
11 silly lifecycle node-docker-app@1.0.0~start: Args: [ '-c', 'node index.js' ]
12 silly lifecycle node-docker-app@1.0.0~start: Returned: code: 1  signal: null
13 info lifecycle node-docker-app@1.0.0~start: Failed to exec start script
14 verbose stack Error: node-docker-app@1.0.0 start: `node index.js`
14 verbose stack Exit status 1
14 verbose stack     at EventEmitter.<anonymous> (/Users/chandan/.nvm/versions/node/v5.2.0/lib/node_modules/npm/lib/utils/lifecycle.js:232:16)
14 verbose stack     at emitTwo (events.js:88:13)
14 verbose stack     at EventEmitter.emit (events.js:173:7)
14 verbose stack     at ChildProcess.<anonymous> (/Users/chandan/.nvm/versions/node/v5.2.0/lib/node_modules/npm/lib/utils/spawn.js:24:14)
14 verbose stack     at emitTwo (events.js:88:13)
14 verbose stack     at ChildProcess.emit (events.js:173:7)
14 verbose stack     at maybeClose (internal/child_process.js:819:16)
14 verbose stack     at Process.ChildProcess._handle.onexit (internal/child_process.js:212:5)
15 verbose pkgid node-docker-app@1.0.0
16 verbose cwd /Users/chandan/code/personal/github/node-docker-app
17 error Darwin 14.5.0
18 error argv "/Users/chandan/.nvm/versions/node/v5.2.0/bin/node" "/Users/chandan/.nvm/versions/node/v5.2.0/bin/npm" "start"
19 error node v5.2.0
20 error npm  v3.5.3
21 error code ELIFECYCLE
22 error node-docker-app@1.0.0 start: `node index.js`
22 error Exit status 1
23 error Failed at the node-docker-app@1.0.0 start script 'node index.js'.
23 error Make sure you have the latest version of node.js and npm installed.
23 error If you do, this is most likely a problem with the node-docker-app package,
23 error not with npm itself.
23 error Tell the author that this fails on your system:
23 error     node index.js
23 error You can get information on how to open an issue for this project with:
23 error     npm bugs node-docker-app
23 error Or if that isn't available, you can get their info via:
23 error     npm owner ls node-docker-app
23 error There is likely additional logging output above.
24 verbose exit [ 1, true ]
